d:\vega 2022\gade\c++\poe\gade7312solution\gade7312project\debug\main.obj
d:\vega 2022\gade\c++\poe\gade7312solution\debug\gade7312project.pdb
d:\vega 2022\gade\c++\poe\gade7312solution\gade7312project\debug\gade7312project.tlog\icx-clang-cl.delete.1.tlog
d:\vega 2022\gade\c++\poe\gade7312solution\gade7312project\debug\gade7312project.tlog\icx-clang-cl.read.1.tlog
d:\vega 2022\gade\c++\poe\gade7312solution\gade7312project\debug\gade7312project.tlog\icx-clang-cl.write.1.tlog
d:\vega 2022\gade\c++\poe\gade7312solution\gade7312project\debug\gade7312project.tlog\icx.command.1.tlog
d:\vega 2022\gade\c++\poe\gade7312solution\gade7312project\debug\gade7312project.tlog\icx.read.1.tlog
d:\vega 2022\gade\c++\poe\gade7312solution\gade7312project\debug\gade7312project.tlog\icx.write.1.tlog
d:\vega 2022\gade\c++\poe\gade7312solution\gade7312project\debug\gade7312project.tlog\xilink-clang.read.1.tlog
d:\vega 2022\gade\c++\poe\gade7312solution\gade7312project\debug\gade7312project.tlog\xilink-link-cvtres.read.1.tlog
d:\vega 2022\gade\c++\poe\gade7312solution\gade7312project\debug\gade7312project.tlog\xilink-link-cvtres.write.1.tlog
d:\vega 2022\gade\c++\poe\gade7312solution\gade7312project\debug\gade7312project.tlog\xilink-link-rc.read.1.tlog
d:\vega 2022\gade\c++\poe\gade7312solution\gade7312project\debug\gade7312project.tlog\xilink-link-rc.write.1.tlog
d:\vega 2022\gade\c++\poe\gade7312solution\gade7312project\debug\gade7312project.tlog\xilink-link.delete.1.tlog
d:\vega 2022\gade\c++\poe\gade7312solution\gade7312project\debug\gade7312project.tlog\xilink-link.read.1.tlog
d:\vega 2022\gade\c++\poe\gade7312solution\gade7312project\debug\gade7312project.tlog\xilink-link.read.2.tlog
d:\vega 2022\gade\c++\poe\gade7312solution\gade7312project\debug\gade7312project.tlog\xilink-link.write.1.tlog
d:\vega 2022\gade\c++\poe\gade7312solution\gade7312project\debug\gade7312project.tlog\xilink.command.1.tlog
d:\vega 2022\gade\c++\poe\gade7312solution\gade7312project\debug\gade7312project.tlog\xilink.read.1.tlog
d:\vega 2022\gade\c++\poe\gade7312solution\gade7312project\debug\gade7312project.tlog\xilink.write.1.tlog
