The system is: Windows - 10.0.19044 - AMD64
Compiling the CXX compiler identification source file "CMakeCXXCompilerId.cpp" succeeded.
Compiler: D:/Program Files/Microsoft Visual Studio/Visual Studio/VC/Tools/MSVC/14.24.28314/bin/HostX64/x64/cl.exe 
Build flags: 
Id flags:  

The output was:
0
Microsoft (R) C/C++ Optimizing Compiler Version 19.24.28316 for x64
Copyright (C) Microsoft Corporation.  All rights reserved.

CMakeCXXCompilerId.cpp
Microsoft (R) Incremental Linker Version 14.24.28316.0
Copyright (C) Microsoft Corporation.  All rights reserved.

/out:CMakeCXXCompilerId.exe 
CMakeCXXCompilerId.obj 


Compilation of the CXX compiler identification source "CMakeCXXCompilerId.cpp" produced "CMakeCXXCompilerId.exe"

Compilation of the CXX compiler identification source "CMakeCXXCompilerId.cpp" produced "CMakeCXXCompilerId.obj"

The CXX compiler identification is MSVC, found in "D:/Vega 2022/GADE/C++/POE/Gade7312Solution/External Libraries/glm-master/out/build/x64-Debug/CMakeFiles/3.15.19101501-MSVC_2/CompilerIdCXX/CMakeCXXCompilerId.exe"

Determining if the CXX compiler works passed with the following output:
Change Dir: D:/Vega 2022/GADE/C++/POE/Gade7312Solution/External Libraries/glm-master/out/build/x64-Debug/CMakeFiles/CMakeTmp

Run Build Command(s):D:/Program Files/Microsoft Visual Studio/Visual Studio/Common7/IDE/CommonExtensions/Microsoft/CMake/Ninja/ninja.exe cmTC_40f40 && [1/2] Building CXX object CMakeFiles\cmTC_40f40.dir\testCXXCompiler.cxx.obj
[2/2] Linking CXX executable cmTC_40f40.exe



Detecting CXX compiler ABI info compiled with the following output:
Change Dir: D:/Vega 2022/GADE/C++/POE/Gade7312Solution/External Libraries/glm-master/out/build/x64-Debug/CMakeFiles/CMakeTmp

Run Build Command(s):D:/Program Files/Microsoft Visual Studio/Visual Studio/Common7/IDE/CommonExtensions/Microsoft/CMake/Ninja/ninja.exe cmTC_81dda && [1/2] Building CXX object CMakeFiles\cmTC_81dda.dir\CMakeCXXCompilerABI.cpp.obj
[2/2] Linking CXX executable cmTC_81dda.exe



