d:\vega\gade7312\gade7312solution\debug\vc143.pdb
d:\vega\gade7312\gade7312solution\debug\vc143.idb
d:\vega\gade7312\gade7312solution\debug\glewglfw.obj
d:\vega\gade7312\gade7312solution\debug\glewglfw.exe
d:\vega\gade7312\gade7312solution\debug\glewglfw.ilk
d:\vega\gade7312\gade7312solution\debug\glewglfw.pdb
d:\vega\gade7312\gade7312solution\debug\glewglfw.obj.enc
d:\vega\gade7312\gade7312solution\debug\glewglfw.vcxproj.cppwinrt_comp.rsp
d:\vega\gade7312\gade7312solution\debug\glewglfw.vcxproj.cppwinrt_plat.rsp
d:\vega\gade7312\gade7312solution\debug\glewglfw.vcxproj.mdmerge.rsp
d:\vega\gade7312\gade7312solution\debug\glewglfw.vcxproj.midlrt.rsp
d:\vega\gade7312\gade7312solution\debug\nativecodeanalysis.read.1.tlog
d:\vega\gade7312\gade7312solution\debug\vc142.idb
d:\vega\gade7312\gade7312solution\debug\vc142.pdb
d:\vega\gade7312\gade7312solution\debug\glewglfw.nativecodeanalysis.xml
d:\vega\gade7312\gade7312solution\debug\vc.nativecodeanalysis.all.xml
d:\vega\gade7312\gade7312solution\debug\glewglfw.exe.lastcodeanalysissucceeded
d:\vega\gade7312\gade7312solution\debug\glewglfw.tlog\cl.command.1.tlog
d:\vega\gade7312\gade7312solution\debug\glewglfw.tlog\cl.read.1.tlog
d:\vega\gade7312\gade7312solution\debug\glewglfw.tlog\cl.write.1.tlog
d:\vega\gade7312\gade7312solution\debug\glewglfw.tlog\link.command.1.tlog
d:\vega\gade7312\gade7312solution\debug\glewglfw.tlog\link.read.1.tlog
d:\vega\gade7312\gade7312solution\debug\glewglfw.tlog\link.write.1.tlog
