The system is: Windows - 10.0.19044 - AMD64
Compiling the CXX compiler identification source file "CMakeCXXCompilerId.cpp" succeeded.
Compiler: D:/Program Files/Microsoft Visual Studio/Visual Studio/VC/Tools/MSVC/14.24.28314/bin/HostX64/x64/cl.exe 
Build flags: 
Id flags:  

The output was:
0
Microsoft (R) C/C++ Optimizing Compiler Version 19.24.28316 for x64
Copyright (C) Microsoft Corporation.  All rights reserved.

CMakeCXXCompilerId.cpp
Microsoft (R) Incremental Linker Version 14.24.28316.0
Copyright (C) Microsoft Corporation.  All rights reserved.

/out:CMakeCXXCompilerId.exe 
CMakeCXXCompilerId.obj 


Compilation of the CXX compiler identification source "CMakeCXXCompilerId.cpp" produced "CMakeCXXCompilerId.exe"

Compilation of the CXX compiler identification source "CMakeCXXCompilerId.cpp" produced "CMakeCXXCompilerId.obj"

The CXX compiler identification is MSVC, found in "D:/Vega 2022/GADE/C++/POE/Gade7312Solution/External Libraries/SOIL2-master/out/build/x64-Debug/CMakeFiles/3.15.19101501-MSVC_2/CompilerIdCXX/CMakeCXXCompilerId.exe"

Compiling the C compiler identification source file "CMakeCCompilerId.c" succeeded.
Compiler: D:/Program Files/Microsoft Visual Studio/Visual Studio/VC/Tools/MSVC/14.24.28314/bin/HostX64/x64/cl.exe 
Build flags: 
Id flags:  

The output was:
0
Microsoft (R) C/C++ Optimizing Compiler Version 19.24.28316 for x64
Copyright (C) Microsoft Corporation.  All rights reserved.

CMakeCCompilerId.c
Microsoft (R) Incremental Linker Version 14.24.28316.0
Copyright (C) Microsoft Corporation.  All rights reserved.

/out:CMakeCCompilerId.exe 
CMakeCCompilerId.obj 


Compilation of the C compiler identification source "CMakeCCompilerId.c" produced "CMakeCCompilerId.exe"

Compilation of the C compiler identification source "CMakeCCompilerId.c" produced "CMakeCCompilerId.obj"

The C compiler identification is MSVC, found in "D:/Vega 2022/GADE/C++/POE/Gade7312Solution/External Libraries/SOIL2-master/out/build/x64-Debug/CMakeFiles/3.15.19101501-MSVC_2/CompilerIdC/CMakeCCompilerId.exe"

Determining if the CXX compiler works passed with the following output:
Change Dir: D:/Vega 2022/GADE/C++/POE/Gade7312Solution/External Libraries/SOIL2-master/out/build/x64-Debug/CMakeFiles/CMakeTmp

Run Build Command(s):D:/Program Files/Microsoft Visual Studio/Visual Studio/Common7/IDE/CommonExtensions/Microsoft/CMake/Ninja/ninja.exe cmTC_19ec6 && [1/2] Building CXX object CMakeFiles\cmTC_19ec6.dir\testCXXCompiler.cxx.obj
[2/2] Linking CXX executable cmTC_19ec6.exe



Detecting CXX compiler ABI info compiled with the following output:
Change Dir: D:/Vega 2022/GADE/C++/POE/Gade7312Solution/External Libraries/SOIL2-master/out/build/x64-Debug/CMakeFiles/CMakeTmp

Run Build Command(s):D:/Program Files/Microsoft Visual Studio/Visual Studio/Common7/IDE/CommonExtensions/Microsoft/CMake/Ninja/ninja.exe cmTC_f6197 && [1/2] Building CXX object CMakeFiles\cmTC_f6197.dir\CMakeCXXCompilerABI.cpp.obj
[2/2] Linking CXX executable cmTC_f6197.exe



Determining if the C compiler works passed with the following output:
Change Dir: D:/Vega 2022/GADE/C++/POE/Gade7312Solution/External Libraries/SOIL2-master/out/build/x64-Debug/CMakeFiles/CMakeTmp

Run Build Command(s):D:/Program Files/Microsoft Visual Studio/Visual Studio/Common7/IDE/CommonExtensions/Microsoft/CMake/Ninja/ninja.exe cmTC_26715 && [1/2] Building C object CMakeFiles\cmTC_26715.dir\testCCompiler.c.obj
[2/2] Linking C executable cmTC_26715.exe



Detecting C compiler ABI info compiled with the following output:
Change Dir: D:/Vega 2022/GADE/C++/POE/Gade7312Solution/External Libraries/SOIL2-master/out/build/x64-Debug/CMakeFiles/CMakeTmp

Run Build Command(s):D:/Program Files/Microsoft Visual Studio/Visual Studio/Common7/IDE/CommonExtensions/Microsoft/CMake/Ninja/ninja.exe cmTC_07663 && [1/2] Building C object CMakeFiles\cmTC_07663.dir\CMakeCCompilerABI.c.obj
[2/2] Linking C executable cmTC_07663.exe



